16:42:34,772  INFO Environment:514 - Hibernate 3.2.5
16:42:34,777  INFO Environment:547 - hibernate.properties not found
16:42:34,778  INFO Environment:681 - Bytecode provider name : cglib
16:42:34,781  INFO Environment:598 - using JDK 1.4 java.sql.Timestamp handling
16:42:34,811  INFO Configuration:1426 - configuring from resource: /hibernate.cfg.xml
16:42:34,811  INFO Configuration:1403 - Configuration resource: /hibernate.cfg.xml
16:42:34,866  INFO Configuration:553 - Reading mappings from resource : com/hbm/onetomany.hbm.xml
16:42:34,911  INFO HbmBinder:300 - Mapping class: com.bean.Customer -> customer
16:42:34,924  INFO HbmBinder:300 - Mapping class: com.bean.Complaint -> complaint
16:42:34,959  INFO Configuration:1541 - Configured SessionFactory: null
16:42:34,960  INFO HbmBinder:2385 - Mapping collection: com.bean.Customer.cList -> complaint
16:42:34,974  INFO DriverManagerConnectionProvider:41 - Using Hibernate built-in connection pool (not for production use!)
16:42:34,974  INFO DriverManagerConnectionProvider:42 - Hibernate connection pool size: 20
16:42:34,974  INFO DriverManagerConnectionProvider:45 - autocommit mode: true
16:42:35,040  INFO DriverManagerConnectionProvider:80 - using driver: oracle.jdbc.OracleDriver at URL: jdbc:oracle:thin:@localhost:1521:xe
16:42:35,041  INFO DriverManagerConnectionProvider:86 - connection properties: {user=shu, password=****, autocommit=true}
16:42:35,472  INFO SettingsFactory:89 - RDBMS: Oracle, version: Oracle Database 11g Express Edition Release 11.2.0.2.0 - 64bit Production
16:42:35,473  INFO SettingsFactory:90 - JDBC driver: Oracle JDBC driver, version: 11.1.0.7.0-Production
16:42:35,481  INFO Dialect:152 - Using dialect: org.hibernate.dialect.Oracle10gDialect
16:42:35,484  INFO TransactionFactoryFactory:31 - Using default transaction strategy (direct JDBC transactions)
16:42:35,485  INFO TransactionManagerLookupFactory:33 - No TransactionManagerLookup configured (in JTA environment, use of read-write or transactional second-level cache is not recommended)
16:42:35,485  INFO SettingsFactory:143 - Automatic flush during beforeCompletion(): disabled
16:42:35,485  INFO SettingsFactory:147 - Automatic session close at end of transaction: disabled
16:42:35,485  INFO SettingsFactory:154 - JDBC batch size: 15
16:42:35,485  INFO SettingsFactory:157 - JDBC batch updates for versioned data: disabled
16:42:35,486  INFO SettingsFactory:162 - Scrollable result sets: enabled
16:42:35,486  INFO SettingsFactory:170 - JDBC3 getGeneratedKeys(): disabled
16:42:35,486  INFO SettingsFactory:178 - Connection release mode: auto
16:42:35,486  INFO SettingsFactory:205 - Default batch fetch size: 1
16:42:35,487  INFO SettingsFactory:209 - Generate SQL with comments: disabled
16:42:35,487  INFO SettingsFactory:213 - Order SQL updates by primary key: disabled
16:42:35,487  INFO SettingsFactory:217 - Order SQL inserts for batching: disabled
16:42:35,487  INFO SettingsFactory:386 - Query translator: org.hibernate.hql.ast.ASTQueryTranslatorFactory
16:42:35,488  INFO ASTQueryTranslatorFactory:24 - Using ASTQueryTranslatorFactory
16:42:35,488  INFO SettingsFactory:225 - Query language substitutions: {}
16:42:35,488  INFO SettingsFactory:230 - JPA-QL strict compliance: disabled
16:42:35,488  INFO SettingsFactory:235 - Second-level cache: enabled
16:42:35,488  INFO SettingsFactory:239 - Query cache: disabled
16:42:35,489  INFO SettingsFactory:373 - Cache provider: org.hibernate.cache.NoCacheProvider
16:42:35,489  INFO SettingsFactory:254 - Optimize cache for minimal puts: disabled
16:42:35,489  INFO SettingsFactory:263 - Structured second-level cache entries: disabled
16:42:35,491  INFO SettingsFactory:283 - Echoing all SQL to stdout
16:42:35,491  INFO SettingsFactory:290 - Statistics: disabled
16:42:35,491  INFO SettingsFactory:294 - Deleted entity synthetic identifier rollback: disabled
16:42:35,493  INFO SettingsFactory:309 - Default entity-mode: pojo
16:42:35,493  INFO SettingsFactory:313 - Named query checking : enabled
16:42:35,508  INFO SessionFactoryImpl:161 - building session factory
16:42:35,627  INFO SessionFactoryObjectFactory:82 - Not binding factory to JNDI, no JNDI name configured
16:42:35,628  INFO SchemaUpdate:115 - Running hbm2ddl schema update
16:42:35,628  INFO SchemaUpdate:126 - fetching database metadata
16:42:35,665  INFO SchemaUpdate:138 - updating schema
16:42:35,700  INFO DatabaseMetadata:96 - table not found: complaint
16:42:35,704  INFO DatabaseMetadata:96 - table not found: customer
16:42:35,707  INFO DatabaseMetadata:96 - table not found: complaint
16:42:35,711  INFO DatabaseMetadata:96 - table not found: customer
16:42:35,826  INFO SchemaUpdate:160 - schema update complete
16:42:35,893 DEBUG StringType:133 - binding 'sam@gmail.com' to parameter: 1
16:42:35,893 DEBUG StringType:133 - binding 'sam123' to parameter: 2
16:42:35,895 DEBUG StringType:133 - binding 'internet problem' to parameter: 1
16:42:35,895 DEBUG DateType:133 - binding '12 January 2017' to parameter: 2
16:42:35,896 DEBUG StringType:133 - binding 'open' to parameter: 3
16:42:35,896 DEBUG StringType:133 - binding 'sam123' to parameter: 4
16:42:35,896 DEBUG LongType:133 - binding '1' to parameter: 5
16:42:35,896 DEBUG StringType:133 - binding 'Lagging ' to parameter: 1
16:42:35,896 DEBUG DateType:133 - binding '12 January 2017' to parameter: 2
16:42:35,897 DEBUG StringType:133 - binding 'open' to parameter: 3
16:42:35,897 DEBUG StringType:133 - binding 'sam123' to parameter: 4
16:42:35,897 DEBUG LongType:133 - binding '2' to parameter: 5
16:42:35,899 DEBUG StringType:133 - binding 'sam123' to parameter: 1
16:42:35,899 DEBUG IntegerType:133 - binding '0' to parameter: 2
16:42:35,899 DEBUG LongType:133 - binding '1' to parameter: 3
16:42:35,900 DEBUG StringType:133 - binding 'sam123' to parameter: 1
16:42:35,900 DEBUG IntegerType:133 - binding '1' to parameter: 2
16:42:35,900 DEBUG LongType:133 - binding '2' to parameter: 3
16:42:35,995 DEBUG StringType:133 - binding 'open' to parameter: 1
16:42:36,001 DEBUG LongType:172 - returning '1' as column: compId1_
16:42:36,002 DEBUG StringType:172 - returning 'internet problem' as column: cDesc1_
16:42:36,002 DEBUG DateType:172 - returning '12 January 2017' as column: dateOfComp1_
16:42:36,002 DEBUG StringType:172 - returning 'open' as column: status1_
16:42:36,002 DEBUG StringType:172 - returning 'sam123' as column: username1_
16:42:36,003 DEBUG LongType:172 - returning '1' as column: compId1_
16:42:36,003 DEBUG LongType:172 - returning '2' as column: compId1_
16:42:36,003 DEBUG StringType:172 - returning 'Lagging ' as column: cDesc1_
16:42:36,003 DEBUG DateType:172 - returning '12 January 2017' as column: dateOfComp1_
16:42:36,003 DEBUG StringType:172 - returning 'open' as column: status1_
16:42:36,004 DEBUG StringType:172 - returning 'sam123' as column: username1_
16:42:36,004 DEBUG LongType:172 - returning '2' as column: compId1_
16:51:14,770  INFO Environment:514 - Hibernate 3.2.5
16:51:14,775  INFO Environment:547 - hibernate.properties not found
16:51:14,777  INFO Environment:681 - Bytecode provider name : cglib
16:51:14,779  INFO Environment:598 - using JDK 1.4 java.sql.Timestamp handling
16:51:14,810  INFO Configuration:1426 - configuring from resource: /hibernate.cfg.xml
16:51:14,810  INFO Configuration:1403 - Configuration resource: /hibernate.cfg.xml
16:51:14,866  INFO Configuration:553 - Reading mappings from resource : com/hbm/onetomany.hbm.xml
16:51:14,910  INFO HbmBinder:300 - Mapping class: com.bean.Customer -> customer
16:51:14,924  INFO HbmBinder:300 - Mapping class: com.bean.Complaint -> complaint
16:51:14,959  INFO Configuration:1541 - Configured SessionFactory: null
16:51:14,960  INFO HbmBinder:2385 - Mapping collection: com.bean.Customer.cList -> complaint
16:51:14,969  INFO DriverManagerConnectionProvider:41 - Using Hibernate built-in connection pool (not for production use!)
16:51:14,969  INFO DriverManagerConnectionProvider:42 - Hibernate connection pool size: 20
16:51:14,970  INFO DriverManagerConnectionProvider:45 - autocommit mode: true
16:51:15,036  INFO DriverManagerConnectionProvider:80 - using driver: oracle.jdbc.OracleDriver at URL: jdbc:oracle:thin:@localhost:1521:xe
16:51:15,037  INFO DriverManagerConnectionProvider:86 - connection properties: {user=shu, password=****, autocommit=true}
16:51:15,479  INFO SettingsFactory:89 - RDBMS: Oracle, version: Oracle Database 11g Express Edition Release 11.2.0.2.0 - 64bit Production
16:51:15,479  INFO SettingsFactory:90 - JDBC driver: Oracle JDBC driver, version: 11.1.0.7.0-Production
16:51:15,487  INFO Dialect:152 - Using dialect: org.hibernate.dialect.Oracle10gDialect
16:51:15,490  INFO TransactionFactoryFactory:31 - Using default transaction strategy (direct JDBC transactions)
16:51:15,491  INFO TransactionManagerLookupFactory:33 - No TransactionManagerLookup configured (in JTA environment, use of read-write or transactional second-level cache is not recommended)
16:51:15,491  INFO SettingsFactory:143 - Automatic flush during beforeCompletion(): disabled
16:51:15,491  INFO SettingsFactory:147 - Automatic session close at end of transaction: disabled
16:51:15,491  INFO SettingsFactory:154 - JDBC batch size: 15
16:51:15,491  INFO SettingsFactory:157 - JDBC batch updates for versioned data: disabled
16:51:15,492  INFO SettingsFactory:162 - Scrollable result sets: enabled
16:51:15,492  INFO SettingsFactory:170 - JDBC3 getGeneratedKeys(): disabled
16:51:15,492  INFO SettingsFactory:178 - Connection release mode: auto
16:51:15,492  INFO SettingsFactory:205 - Default batch fetch size: 1
16:51:15,492  INFO SettingsFactory:209 - Generate SQL with comments: disabled
16:51:15,492  INFO SettingsFactory:213 - Order SQL updates by primary key: disabled
16:51:15,493  INFO SettingsFactory:217 - Order SQL inserts for batching: disabled
16:51:15,493  INFO SettingsFactory:386 - Query translator: org.hibernate.hql.ast.ASTQueryTranslatorFactory
16:51:15,494  INFO ASTQueryTranslatorFactory:24 - Using ASTQueryTranslatorFactory
16:51:15,494  INFO SettingsFactory:225 - Query language substitutions: {}
16:51:15,494  INFO SettingsFactory:230 - JPA-QL strict compliance: disabled
16:51:15,494  INFO SettingsFactory:235 - Second-level cache: enabled
16:51:15,494  INFO SettingsFactory:239 - Query cache: disabled
16:51:15,494  INFO SettingsFactory:373 - Cache provider: org.hibernate.cache.NoCacheProvider
16:51:15,494  INFO SettingsFactory:254 - Optimize cache for minimal puts: disabled
16:51:15,495  INFO SettingsFactory:263 - Structured second-level cache entries: disabled
16:51:15,497  INFO SettingsFactory:283 - Echoing all SQL to stdout
16:51:15,497  INFO SettingsFactory:290 - Statistics: disabled
16:51:15,497  INFO SettingsFactory:294 - Deleted entity synthetic identifier rollback: disabled
16:51:15,499  INFO SettingsFactory:309 - Default entity-mode: pojo
16:51:15,499  INFO SettingsFactory:313 - Named query checking : enabled
16:51:15,513  INFO SessionFactoryImpl:161 - building session factory
16:51:15,635  INFO SessionFactoryObjectFactory:82 - Not binding factory to JNDI, no JNDI name configured
16:51:15,637  INFO SchemaUpdate:115 - Running hbm2ddl schema update
16:51:15,637  INFO SchemaUpdate:126 - fetching database metadata
16:51:15,672  INFO SchemaUpdate:138 - updating schema
16:51:15,720  INFO TableMetadata:39 - table found: SHU.COMPLAINT
16:51:15,721  INFO TableMetadata:40 - columns: [compid, dateofcomp, cdesc, idx, status, username]
16:51:15,721  INFO TableMetadata:42 - foreign keys: [fkac5efcab4e1cf7a5]
16:51:15,721  INFO TableMetadata:43 - indexes: [sys_c007242]
16:51:15,732  INFO TableMetadata:39 - table found: SHU.CUSTOMER
16:51:15,732  INFO TableMetadata:40 - columns: [email, username]
16:51:15,732  INFO TableMetadata:42 - foreign keys: []
16:51:15,732  INFO TableMetadata:43 - indexes: [sys_c007244]
16:51:15,733  INFO SchemaUpdate:160 - schema update complete
16:51:15,777 DEBUG StringType:133 - binding 'sam@gmail.com' to parameter: 1
16:51:15,777 DEBUG StringType:133 - binding 'sam123' to parameter: 2
16:51:15,781  WARN JDBCExceptionReporter:77 - SQL Error: 1, SQLState: 23000
16:51:15,781 ERROR JDBCExceptionReporter:78 - ORA-00001: unique constraint (SHU.SYS_C007244) violated

16:51:15,781  WARN JDBCExceptionReporter:77 - SQL Error: 1, SQLState: 23000
16:51:15,781 ERROR JDBCExceptionReporter:78 - ORA-00001: unique constraint (SHU.SYS_C007244) violated

16:51:15,782 ERROR AbstractFlushingEventListener:301 - Could not synchronize database state with session
org.hibernate.exception.ConstraintViolationException: Could not execute JDBC batch update
	at org.hibernate.exception.SQLStateConverter.convert(SQLStateConverter.java:71)
	at org.hibernate.exception.JDBCExceptionHelper.convert(JDBCExceptionHelper.java:43)
	at org.hibernate.jdbc.AbstractBatcher.executeBatch(AbstractBatcher.java:253)
	at org.hibernate.jdbc.AbstractBatcher.prepareStatement(AbstractBatcher.java:92)
	at org.hibernate.jdbc.AbstractBatcher.prepareStatement(AbstractBatcher.java:87)
	at org.hibernate.jdbc.AbstractBatcher.prepareBatchStatement(AbstractBatcher.java:222)
	at org.hibernate.persister.entity.AbstractEntityPersister.insert(AbstractEntityPersister.java:2224)
	at org.hibernate.persister.entity.AbstractEntityPersister.insert(AbstractEntityPersister.java:2660)
	at org.hibernate.action.EntityInsertAction.execute(EntityInsertAction.java:56)
	at org.hibernate.engine.ActionQueue.execute(ActionQueue.java:250)
	at org.hibernate.engine.ActionQueue.executeActions(ActionQueue.java:234)
	at org.hibernate.engine.ActionQueue.executeActions(ActionQueue.java:141)
	at org.hibernate.event.def.AbstractFlushingEventListener.performExecutions(AbstractFlushingEventListener.java:298)
	at org.hibernate.event.def.DefaultFlushEventListener.onFlush(DefaultFlushEventListener.java:27)
	at org.hibernate.impl.SessionImpl.flush(SessionImpl.java:1000)
	at org.hibernate.impl.SessionImpl.managedFlush(SessionImpl.java:338)
	at org.hibernate.transaction.JDBCTransaction.commit(JDBCTransaction.java:106)
	at com.clients.ComplaintClient.main(ComplaintClient.java:63)
Caused by: java.sql.BatchUpdateException: ORA-00001: unique constraint (SHU.SYS_C007244) violated

	at oracle.jdbc.driver.DatabaseError.throwBatchUpdateException(DatabaseError.java:629)
	at oracle.jdbc.driver.OraclePreparedStatement.executeBatch(OraclePreparedStatement.java:9409)
	at oracle.jdbc.driver.OracleStatementWrapper.executeBatch(OracleStatementWrapper.java:211)
	at org.hibernate.jdbc.BatchingBatcher.doExecuteBatch(BatchingBatcher.java:48)
	at org.hibernate.jdbc.AbstractBatcher.executeBatch(AbstractBatcher.java:246)
	... 15 more
16:51:30,442  INFO Environment:514 - Hibernate 3.2.5
16:51:30,447  INFO Environment:547 - hibernate.properties not found
16:51:30,448  INFO Environment:681 - Bytecode provider name : cglib
16:51:30,450  INFO Environment:598 - using JDK 1.4 java.sql.Timestamp handling
16:51:30,481  INFO Configuration:1426 - configuring from resource: /hibernate.cfg.xml
16:51:30,481  INFO Configuration:1403 - Configuration resource: /hibernate.cfg.xml
16:51:30,536  INFO Configuration:553 - Reading mappings from resource : com/hbm/onetomany.hbm.xml
16:51:30,592  INFO HbmBinder:300 - Mapping class: com.bean.Customer -> customer
16:51:30,605  INFO HbmBinder:300 - Mapping class: com.bean.Complaint -> complaint
16:51:30,640  INFO Configuration:1541 - Configured SessionFactory: null
16:51:30,641  INFO HbmBinder:2385 - Mapping collection: com.bean.Customer.cList -> complaint
16:51:30,652  INFO DriverManagerConnectionProvider:41 - Using Hibernate built-in connection pool (not for production use!)
16:51:30,652  INFO DriverManagerConnectionProvider:42 - Hibernate connection pool size: 20
16:51:30,653  INFO DriverManagerConnectionProvider:45 - autocommit mode: true
16:51:30,720  INFO DriverManagerConnectionProvider:80 - using driver: oracle.jdbc.OracleDriver at URL: jdbc:oracle:thin:@localhost:1521:xe
16:51:30,721  INFO DriverManagerConnectionProvider:86 - connection properties: {user=shu, password=****, autocommit=true}
16:51:31,158  INFO SettingsFactory:89 - RDBMS: Oracle, version: Oracle Database 11g Express Edition Release 11.2.0.2.0 - 64bit Production
16:51:31,159  INFO SettingsFactory:90 - JDBC driver: Oracle JDBC driver, version: 11.1.0.7.0-Production
16:51:31,167  INFO Dialect:152 - Using dialect: org.hibernate.dialect.Oracle10gDialect
16:51:31,170  INFO TransactionFactoryFactory:31 - Using default transaction strategy (direct JDBC transactions)
16:51:31,171  INFO TransactionManagerLookupFactory:33 - No TransactionManagerLookup configured (in JTA environment, use of read-write or transactional second-level cache is not recommended)
16:51:31,171  INFO SettingsFactory:143 - Automatic flush during beforeCompletion(): disabled
16:51:31,171  INFO SettingsFactory:147 - Automatic session close at end of transaction: disabled
16:51:31,171  INFO SettingsFactory:154 - JDBC batch size: 15
16:51:31,171  INFO SettingsFactory:157 - JDBC batch updates for versioned data: disabled
16:51:31,172  INFO SettingsFactory:162 - Scrollable result sets: enabled
16:51:31,172  INFO SettingsFactory:170 - JDBC3 getGeneratedKeys(): disabled
16:51:31,172  INFO SettingsFactory:178 - Connection release mode: auto
16:51:31,172  INFO SettingsFactory:205 - Default batch fetch size: 1
16:51:31,173  INFO SettingsFactory:209 - Generate SQL with comments: disabled
16:51:31,173  INFO SettingsFactory:213 - Order SQL updates by primary key: disabled
16:51:31,173  INFO SettingsFactory:217 - Order SQL inserts for batching: disabled
16:51:31,173  INFO SettingsFactory:386 - Query translator: org.hibernate.hql.ast.ASTQueryTranslatorFactory
16:51:31,174  INFO ASTQueryTranslatorFactory:24 - Using ASTQueryTranslatorFactory
16:51:31,174  INFO SettingsFactory:225 - Query language substitutions: {}
16:51:31,174  INFO SettingsFactory:230 - JPA-QL strict compliance: disabled
16:51:31,174  INFO SettingsFactory:235 - Second-level cache: enabled
16:51:31,174  INFO SettingsFactory:239 - Query cache: disabled
16:51:31,175  INFO SettingsFactory:373 - Cache provider: org.hibernate.cache.NoCacheProvider
16:51:31,175  INFO SettingsFactory:254 - Optimize cache for minimal puts: disabled
16:51:31,175  INFO SettingsFactory:263 - Structured second-level cache entries: disabled
16:51:31,177  INFO SettingsFactory:283 - Echoing all SQL to stdout
16:51:31,177  INFO SettingsFactory:290 - Statistics: disabled
16:51:31,178  INFO SettingsFactory:294 - Deleted entity synthetic identifier rollback: disabled
16:51:31,179  INFO SettingsFactory:309 - Default entity-mode: pojo
16:51:31,179  INFO SettingsFactory:313 - Named query checking : enabled
16:51:31,194  INFO SessionFactoryImpl:161 - building session factory
16:51:31,315  INFO SessionFactoryObjectFactory:82 - Not binding factory to JNDI, no JNDI name configured
16:51:31,317  INFO SchemaUpdate:115 - Running hbm2ddl schema update
16:51:31,317  INFO SchemaUpdate:126 - fetching database metadata
16:51:31,353  INFO SchemaUpdate:138 - updating schema
16:51:31,385  INFO DatabaseMetadata:96 - table not found: complaint
16:51:31,389  INFO DatabaseMetadata:96 - table not found: customer
16:51:31,392  INFO DatabaseMetadata:96 - table not found: complaint
16:51:31,395  INFO DatabaseMetadata:96 - table not found: customer
16:51:31,479  INFO SchemaUpdate:160 - schema update complete
16:51:31,540 DEBUG StringType:133 - binding 'sam@gmail.com' to parameter: 1
16:51:31,540 DEBUG StringType:133 - binding 'sam123' to parameter: 2
16:51:31,542 DEBUG StringType:133 - binding 'internet problem' to parameter: 1
16:51:31,543 DEBUG DateType:133 - binding '12 January 2017' to parameter: 2
16:51:31,543 DEBUG StringType:133 - binding 'open' to parameter: 3
16:51:31,543 DEBUG StringType:133 - binding 'sam123' to parameter: 4
16:51:31,543 DEBUG LongType:133 - binding '1' to parameter: 5
16:51:31,543 DEBUG StringType:133 - binding 'Lagging ' to parameter: 1
16:51:31,544 DEBUG DateType:133 - binding '12 January 2017' to parameter: 2
16:51:31,544 DEBUG StringType:133 - binding 'open' to parameter: 3
16:51:31,544 DEBUG StringType:133 - binding 'sam123' to parameter: 4
16:51:31,544 DEBUG LongType:133 - binding '2' to parameter: 5
16:51:31,546 DEBUG StringType:133 - binding 'sam123' to parameter: 1
16:51:31,546 DEBUG IntegerType:133 - binding '0' to parameter: 2
16:51:31,546 DEBUG LongType:133 - binding '1' to parameter: 3
16:51:31,546 DEBUG StringType:133 - binding 'sam123' to parameter: 1
16:51:31,547 DEBUG IntegerType:133 - binding '1' to parameter: 2
16:51:31,547 DEBUG LongType:133 - binding '2' to parameter: 3
16:51:31,637 DEBUG StringType:133 - binding 'open' to parameter: 1
16:51:31,643 DEBUG LongType:172 - returning '1' as column: compId1_
16:51:31,645 DEBUG StringType:172 - returning 'internet problem' as column: cDesc1_
16:51:31,645 DEBUG DateType:172 - returning '12 January 2017' as column: dateOfComp1_
16:51:31,645 DEBUG StringType:172 - returning 'open' as column: status1_
16:51:31,645 DEBUG StringType:172 - returning 'sam123' as column: username1_
16:51:31,646 DEBUG LongType:172 - returning '1' as column: compId1_
16:51:31,646 DEBUG LongType:172 - returning '2' as column: compId1_
16:51:31,646 DEBUG StringType:172 - returning 'Lagging ' as column: cDesc1_
16:51:31,646 DEBUG DateType:172 - returning '12 January 2017' as column: dateOfComp1_
16:51:31,646 DEBUG StringType:172 - returning 'open' as column: status1_
16:51:31,646 DEBUG StringType:172 - returning 'sam123' as column: username1_
16:51:31,647 DEBUG LongType:172 - returning '2' as column: compId1_
16:51:31,650 DEBUG StringType:133 - binding 'sam123' to parameter: 1
16:51:31,651 DEBUG StringType:172 - returning 'sam@gmail.com' as column: email0_0_
16:54:08,520  INFO Environment:514 - Hibernate 3.2.5
16:54:08,525  INFO Environment:547 - hibernate.properties not found
16:54:08,526  INFO Environment:681 - Bytecode provider name : cglib
16:54:08,529  INFO Environment:598 - using JDK 1.4 java.sql.Timestamp handling
16:54:08,560  INFO Configuration:1426 - configuring from resource: /hibernate.cfg.xml
16:54:08,560  INFO Configuration:1403 - Configuration resource: /hibernate.cfg.xml
16:54:08,617  INFO Configuration:553 - Reading mappings from resource : com/hbm/onetomany.hbm.xml
16:54:08,667  INFO HbmBinder:300 - Mapping class: com.bean.Customer -> customer
16:54:08,681  INFO HbmBinder:300 - Mapping class: com.bean.Complaint -> complaint
16:54:08,718  INFO Configuration:1541 - Configured SessionFactory: null
16:54:08,719  INFO HbmBinder:2385 - Mapping collection: com.bean.Customer.cList -> complaint
16:54:08,729  INFO DriverManagerConnectionProvider:41 - Using Hibernate built-in connection pool (not for production use!)
16:54:08,729  INFO DriverManagerConnectionProvider:42 - Hibernate connection pool size: 20
16:54:08,729  INFO DriverManagerConnectionProvider:45 - autocommit mode: true
16:54:08,799  INFO DriverManagerConnectionProvider:80 - using driver: oracle.jdbc.OracleDriver at URL: jdbc:oracle:thin:@localhost:1521:xe
16:54:08,800  INFO DriverManagerConnectionProvider:86 - connection properties: {user=shu, password=****, autocommit=true}
16:54:09,240  INFO SettingsFactory:89 - RDBMS: Oracle, version: Oracle Database 11g Express Edition Release 11.2.0.2.0 - 64bit Production
16:54:09,240  INFO SettingsFactory:90 - JDBC driver: Oracle JDBC driver, version: 11.1.0.7.0-Production
16:54:09,249  INFO Dialect:152 - Using dialect: org.hibernate.dialect.Oracle10gDialect
16:54:09,252  INFO TransactionFactoryFactory:31 - Using default transaction strategy (direct JDBC transactions)
16:54:09,253  INFO TransactionManagerLookupFactory:33 - No TransactionManagerLookup configured (in JTA environment, use of read-write or transactional second-level cache is not recommended)
16:54:09,253  INFO SettingsFactory:143 - Automatic flush during beforeCompletion(): disabled
16:54:09,253  INFO SettingsFactory:147 - Automatic session close at end of transaction: disabled
16:54:09,253  INFO SettingsFactory:154 - JDBC batch size: 15
16:54:09,253  INFO SettingsFactory:157 - JDBC batch updates for versioned data: disabled
16:54:09,254  INFO SettingsFactory:162 - Scrollable result sets: enabled
16:54:09,254  INFO SettingsFactory:170 - JDBC3 getGeneratedKeys(): disabled
16:54:09,254  INFO SettingsFactory:178 - Connection release mode: auto
16:54:09,255  INFO SettingsFactory:205 - Default batch fetch size: 1
16:54:09,255  INFO SettingsFactory:209 - Generate SQL with comments: disabled
16:54:09,255  INFO SettingsFactory:213 - Order SQL updates by primary key: disabled
16:54:09,255  INFO SettingsFactory:217 - Order SQL inserts for batching: disabled
16:54:09,255  INFO SettingsFactory:386 - Query translator: org.hibernate.hql.ast.ASTQueryTranslatorFactory
16:54:09,256  INFO ASTQueryTranslatorFactory:24 - Using ASTQueryTranslatorFactory
16:54:09,256  INFO SettingsFactory:225 - Query language substitutions: {}
16:54:09,256  INFO SettingsFactory:230 - JPA-QL strict compliance: disabled
16:54:09,256  INFO SettingsFactory:235 - Second-level cache: enabled
16:54:09,257  INFO SettingsFactory:239 - Query cache: disabled
16:54:09,257  INFO SettingsFactory:373 - Cache provider: org.hibernate.cache.NoCacheProvider
16:54:09,257  INFO SettingsFactory:254 - Optimize cache for minimal puts: disabled
16:54:09,257  INFO SettingsFactory:263 - Structured second-level cache entries: disabled
16:54:09,259  INFO SettingsFactory:283 - Echoing all SQL to stdout
16:54:09,259  INFO SettingsFactory:290 - Statistics: disabled
16:54:09,259  INFO SettingsFactory:294 - Deleted entity synthetic identifier rollback: disabled
16:54:09,261  INFO SettingsFactory:309 - Default entity-mode: pojo
16:54:09,261  INFO SettingsFactory:313 - Named query checking : enabled
16:54:09,276  INFO SessionFactoryImpl:161 - building session factory
16:54:09,404  INFO SessionFactoryObjectFactory:82 - Not binding factory to JNDI, no JNDI name configured
16:54:09,406  INFO SchemaUpdate:115 - Running hbm2ddl schema update
16:54:09,406  INFO SchemaUpdate:126 - fetching database metadata
16:54:09,445  INFO SchemaUpdate:138 - updating schema
16:54:09,478  INFO DatabaseMetadata:96 - table not found: complaint
16:54:09,482  INFO DatabaseMetadata:96 - table not found: customer
16:54:09,485  INFO DatabaseMetadata:96 - table not found: complaint
16:54:09,488  INFO DatabaseMetadata:96 - table not found: customer
16:54:09,579  INFO SchemaUpdate:160 - schema update complete
16:54:09,631 DEBUG StringType:133 - binding 'sam@gmail.com' to parameter: 1
16:54:09,632 DEBUG StringType:133 - binding 'sam123' to parameter: 2
16:54:09,634 DEBUG StringType:133 - binding 'internet problem' to parameter: 1
16:54:09,634 DEBUG DateType:133 - binding '12 January 2017' to parameter: 2
16:54:09,634 DEBUG StringType:133 - binding 'open' to parameter: 3
16:54:09,634 DEBUG StringType:133 - binding 'sam123' to parameter: 4
16:54:09,634 DEBUG LongType:133 - binding '1' to parameter: 5
16:54:09,635 DEBUG StringType:133 - binding 'Lagging ' to parameter: 1
16:54:09,635 DEBUG DateType:133 - binding '13 January 2018' to parameter: 2
16:54:09,635 DEBUG StringType:133 - binding 'open' to parameter: 3
16:54:09,635 DEBUG StringType:133 - binding 'sam123' to parameter: 4
16:54:09,635 DEBUG LongType:133 - binding '2' to parameter: 5
16:54:09,637 DEBUG StringType:133 - binding 'sam123' to parameter: 1
16:54:09,637 DEBUG IntegerType:133 - binding '0' to parameter: 2
16:54:09,637 DEBUG LongType:133 - binding '1' to parameter: 3
16:54:09,637 DEBUG StringType:133 - binding 'sam123' to parameter: 1
16:54:09,638 DEBUG IntegerType:133 - binding '1' to parameter: 2
16:54:09,638 DEBUG LongType:133 - binding '2' to parameter: 3
16:54:09,730 DEBUG StringType:133 - binding 'open' to parameter: 1
16:54:09,736 DEBUG LongType:172 - returning '1' as column: compId1_
16:54:09,737 DEBUG StringType:172 - returning 'internet problem' as column: cDesc1_
16:54:09,738 DEBUG DateType:172 - returning '12 January 2017' as column: dateOfComp1_
16:54:09,738 DEBUG StringType:172 - returning 'open' as column: status1_
16:54:09,738 DEBUG StringType:172 - returning 'sam123' as column: username1_
16:54:09,738 DEBUG LongType:172 - returning '1' as column: compId1_
16:54:09,739 DEBUG LongType:172 - returning '2' as column: compId1_
16:54:09,739 DEBUG StringType:172 - returning 'Lagging ' as column: cDesc1_
16:54:09,739 DEBUG DateType:172 - returning '13 January 2018' as column: dateOfComp1_
16:54:09,739 DEBUG StringType:172 - returning 'open' as column: status1_
16:54:09,739 DEBUG StringType:172 - returning 'sam123' as column: username1_
16:54:09,739 DEBUG LongType:172 - returning '2' as column: compId1_
16:54:09,742 DEBUG StringType:133 - binding 'sam123' to parameter: 1
16:54:09,744 DEBUG StringType:172 - returning 'sam@gmail.com' as column: email0_0_
16:57:36,986  INFO Environment:514 - Hibernate 3.2.5
16:57:36,991  INFO Environment:547 - hibernate.properties not found
16:57:36,992  INFO Environment:681 - Bytecode provider name : cglib
16:57:36,995  INFO Environment:598 - using JDK 1.4 java.sql.Timestamp handling
16:57:37,025  INFO Configuration:1426 - configuring from resource: /hibernate.cfg.xml
16:57:37,025  INFO Configuration:1403 - Configuration resource: /hibernate.cfg.xml
16:57:37,080  INFO Configuration:553 - Reading mappings from resource : com/hbm/onetomany.hbm.xml
16:57:37,125  INFO HbmBinder:300 - Mapping class: com.bean.Customer -> customer
16:57:37,138  INFO HbmBinder:300 - Mapping class: com.bean.Complaint -> complaint
16:57:37,173  INFO Configuration:1541 - Configured SessionFactory: null
16:57:37,174  INFO HbmBinder:2385 - Mapping collection: com.bean.Customer.cList -> complaint
16:57:37,185  INFO DriverManagerConnectionProvider:41 - Using Hibernate built-in connection pool (not for production use!)
16:57:37,185  INFO DriverManagerConnectionProvider:42 - Hibernate connection pool size: 20
16:57:37,186  INFO DriverManagerConnectionProvider:45 - autocommit mode: true
16:57:37,252  INFO DriverManagerConnectionProvider:80 - using driver: oracle.jdbc.OracleDriver at URL: jdbc:oracle:thin:@localhost:1521:xe
16:57:37,252  INFO DriverManagerConnectionProvider:86 - connection properties: {user=shu, password=****, autocommit=true}
16:57:37,696  INFO SettingsFactory:89 - RDBMS: Oracle, version: Oracle Database 11g Express Edition Release 11.2.0.2.0 - 64bit Production
16:57:37,696  INFO SettingsFactory:90 - JDBC driver: Oracle JDBC driver, version: 11.1.0.7.0-Production
16:57:37,704  INFO Dialect:152 - Using dialect: org.hibernate.dialect.Oracle10gDialect
16:57:37,707  INFO TransactionFactoryFactory:31 - Using default transaction strategy (direct JDBC transactions)
16:57:37,708  INFO TransactionManagerLookupFactory:33 - No TransactionManagerLookup configured (in JTA environment, use of read-write or transactional second-level cache is not recommended)
16:57:37,708  INFO SettingsFactory:143 - Automatic flush during beforeCompletion(): disabled
16:57:37,708  INFO SettingsFactory:147 - Automatic session close at end of transaction: disabled
16:57:37,708  INFO SettingsFactory:154 - JDBC batch size: 15
16:57:37,709  INFO SettingsFactory:157 - JDBC batch updates for versioned data: disabled
16:57:37,709  INFO SettingsFactory:162 - Scrollable result sets: enabled
16:57:37,709  INFO SettingsFactory:170 - JDBC3 getGeneratedKeys(): disabled
16:57:37,709  INFO SettingsFactory:178 - Connection release mode: auto
16:57:37,710  INFO SettingsFactory:205 - Default batch fetch size: 1
16:57:37,710  INFO SettingsFactory:209 - Generate SQL with comments: disabled
16:57:37,710  INFO SettingsFactory:213 - Order SQL updates by primary key: disabled
16:57:37,710  INFO SettingsFactory:217 - Order SQL inserts for batching: disabled
16:57:37,710  INFO SettingsFactory:386 - Query translator: org.hibernate.hql.ast.ASTQueryTranslatorFactory
16:57:37,711  INFO ASTQueryTranslatorFactory:24 - Using ASTQueryTranslatorFactory
16:57:37,711  INFO SettingsFactory:225 - Query language substitutions: {}
16:57:37,711  INFO SettingsFactory:230 - JPA-QL strict compliance: disabled
16:57:37,712  INFO SettingsFactory:235 - Second-level cache: enabled
16:57:37,712  INFO SettingsFactory:239 - Query cache: disabled
16:57:37,712  INFO SettingsFactory:373 - Cache provider: org.hibernate.cache.NoCacheProvider
16:57:37,712  INFO SettingsFactory:254 - Optimize cache for minimal puts: disabled
16:57:37,712  INFO SettingsFactory:263 - Structured second-level cache entries: disabled
16:57:37,714  INFO SettingsFactory:283 - Echoing all SQL to stdout
16:57:37,715  INFO SettingsFactory:290 - Statistics: disabled
16:57:37,715  INFO SettingsFactory:294 - Deleted entity synthetic identifier rollback: disabled
16:57:37,716  INFO SettingsFactory:309 - Default entity-mode: pojo
16:57:37,717  INFO SettingsFactory:313 - Named query checking : enabled
16:57:37,731  INFO SessionFactoryImpl:161 - building session factory
16:57:37,850  INFO SessionFactoryObjectFactory:82 - Not binding factory to JNDI, no JNDI name configured
16:57:37,852  INFO SchemaUpdate:115 - Running hbm2ddl schema update
16:57:37,852  INFO SchemaUpdate:126 - fetching database metadata
16:57:37,888  INFO SchemaUpdate:138 - updating schema
16:57:37,938  INFO TableMetadata:39 - table found: SHU.COMPLAINT
16:57:37,939  INFO TableMetadata:40 - columns: [compid, dateofcomp, cdesc, idx, status, username]
16:57:37,939  INFO TableMetadata:42 - foreign keys: [fkac5efcab4e1cf7a5]
16:57:37,939  INFO TableMetadata:43 - indexes: [sys_c007252]
16:57:37,950  INFO TableMetadata:39 - table found: SHU.CUSTOMER
16:57:37,950  INFO TableMetadata:40 - columns: [email, username]
16:57:37,950  INFO TableMetadata:42 - foreign keys: []
16:57:37,950  INFO TableMetadata:43 - indexes: [sys_c007254]
16:57:37,951  INFO SchemaUpdate:160 - schema update complete
16:58:34,684  INFO Environment:514 - Hibernate 3.2.5
16:58:34,689  INFO Environment:547 - hibernate.properties not found
16:58:34,691  INFO Environment:681 - Bytecode provider name : cglib
16:58:34,693  INFO Environment:598 - using JDK 1.4 java.sql.Timestamp handling
16:58:34,724  INFO Configuration:1426 - configuring from resource: /hibernate.cfg.xml
16:58:34,724  INFO Configuration:1403 - Configuration resource: /hibernate.cfg.xml
16:58:34,780  INFO Configuration:553 - Reading mappings from resource : com/hbm/onetomany.hbm.xml
16:58:34,823  INFO HbmBinder:300 - Mapping class: com.bean.Customer -> customer
16:58:34,836  INFO HbmBinder:300 - Mapping class: com.bean.Complaint -> complaint
16:58:34,873  INFO Configuration:1541 - Configured SessionFactory: null
16:58:34,874  INFO HbmBinder:2385 - Mapping collection: com.bean.Customer.cList -> complaint
16:58:34,882  INFO DriverManagerConnectionProvider:41 - Using Hibernate built-in connection pool (not for production use!)
16:58:34,882  INFO DriverManagerConnectionProvider:42 - Hibernate connection pool size: 20
16:58:34,883  INFO DriverManagerConnectionProvider:45 - autocommit mode: true
16:58:34,949  INFO DriverManagerConnectionProvider:80 - using driver: oracle.jdbc.OracleDriver at URL: jdbc:oracle:thin:@localhost:1521:xe
16:58:34,950  INFO DriverManagerConnectionProvider:86 - connection properties: {user=shu, password=****, autocommit=true}
16:58:35,384  INFO SettingsFactory:89 - RDBMS: Oracle, version: Oracle Database 11g Express Edition Release 11.2.0.2.0 - 64bit Production
16:58:35,384  INFO SettingsFactory:90 - JDBC driver: Oracle JDBC driver, version: 11.1.0.7.0-Production
16:58:35,392  INFO Dialect:152 - Using dialect: org.hibernate.dialect.Oracle10gDialect
16:58:35,395  INFO TransactionFactoryFactory:31 - Using default transaction strategy (direct JDBC transactions)
16:58:35,396  INFO TransactionManagerLookupFactory:33 - No TransactionManagerLookup configured (in JTA environment, use of read-write or transactional second-level cache is not recommended)
16:58:35,396  INFO SettingsFactory:143 - Automatic flush during beforeCompletion(): disabled
16:58:35,396  INFO SettingsFactory:147 - Automatic session close at end of transaction: disabled
16:58:35,397  INFO SettingsFactory:154 - JDBC batch size: 15
16:58:35,397  INFO SettingsFactory:157 - JDBC batch updates for versioned data: disabled
16:58:35,397  INFO SettingsFactory:162 - Scrollable result sets: enabled
16:58:35,397  INFO SettingsFactory:170 - JDBC3 getGeneratedKeys(): disabled
16:58:35,397  INFO SettingsFactory:178 - Connection release mode: auto
16:58:35,398  INFO SettingsFactory:205 - Default batch fetch size: 1
16:58:35,398  INFO SettingsFactory:209 - Generate SQL with comments: disabled
16:58:35,398  INFO SettingsFactory:213 - Order SQL updates by primary key: disabled
16:58:35,398  INFO SettingsFactory:217 - Order SQL inserts for batching: disabled
16:58:35,398  INFO SettingsFactory:386 - Query translator: org.hibernate.hql.ast.ASTQueryTranslatorFactory
16:58:35,399  INFO ASTQueryTranslatorFactory:24 - Using ASTQueryTranslatorFactory
16:58:35,399  INFO SettingsFactory:225 - Query language substitutions: {}
16:58:35,399  INFO SettingsFactory:230 - JPA-QL strict compliance: disabled
16:58:35,400  INFO SettingsFactory:235 - Second-level cache: enabled
16:58:35,400  INFO SettingsFactory:239 - Query cache: disabled
16:58:35,400  INFO SettingsFactory:373 - Cache provider: org.hibernate.cache.NoCacheProvider
16:58:35,400  INFO SettingsFactory:254 - Optimize cache for minimal puts: disabled
16:58:35,400  INFO SettingsFactory:263 - Structured second-level cache entries: disabled
16:58:35,402  INFO SettingsFactory:283 - Echoing all SQL to stdout
16:58:35,402  INFO SettingsFactory:290 - Statistics: disabled
16:58:35,402  INFO SettingsFactory:294 - Deleted entity synthetic identifier rollback: disabled
16:58:35,404  INFO SettingsFactory:309 - Default entity-mode: pojo
16:58:35,404  INFO SettingsFactory:313 - Named query checking : enabled
16:58:35,418  INFO SessionFactoryImpl:161 - building session factory
16:58:35,539  INFO SessionFactoryObjectFactory:82 - Not binding factory to JNDI, no JNDI name configured
16:58:35,541  INFO SchemaUpdate:115 - Running hbm2ddl schema update
16:58:35,541  INFO SchemaUpdate:126 - fetching database metadata
16:58:35,576  INFO SchemaUpdate:138 - updating schema
16:58:35,623  INFO TableMetadata:39 - table found: SHU.COMPLAINT
16:58:35,624  INFO TableMetadata:40 - columns: [compid, dateofcomp, cdesc, idx, status, username]
16:58:35,624  INFO TableMetadata:42 - foreign keys: [fkac5efcab4e1cf7a5]
16:58:35,624  INFO TableMetadata:43 - indexes: [sys_c007252]
16:58:35,635  INFO TableMetadata:39 - table found: SHU.CUSTOMER
16:58:35,635  INFO TableMetadata:40 - columns: [email, username]
16:58:35,635  INFO TableMetadata:42 - foreign keys: []
16:58:35,635  INFO TableMetadata:43 - indexes: [sys_c007254]
16:58:35,635  INFO SchemaUpdate:160 - schema update complete
16:59:31,236  INFO Environment:514 - Hibernate 3.2.5
16:59:31,241  INFO Environment:547 - hibernate.properties not found
16:59:31,243  INFO Environment:681 - Bytecode provider name : cglib
16:59:31,245  INFO Environment:598 - using JDK 1.4 java.sql.Timestamp handling
16:59:31,275  INFO Configuration:1426 - configuring from resource: /hibernate.cfg.xml
16:59:31,276  INFO Configuration:1403 - Configuration resource: /hibernate.cfg.xml
16:59:31,330  INFO Configuration:553 - Reading mappings from resource : com/hbm/onetomany.hbm.xml
16:59:31,375  INFO HbmBinder:300 - Mapping class: com.bean.Customer -> customer
16:59:31,388  INFO HbmBinder:300 - Mapping class: com.bean.Complaint -> complaint
16:59:31,423  INFO Configuration:1541 - Configured SessionFactory: null
16:59:31,424  INFO HbmBinder:2385 - Mapping collection: com.bean.Customer.cList -> complaint
16:59:31,432  INFO DriverManagerConnectionProvider:41 - Using Hibernate built-in connection pool (not for production use!)
16:59:31,432  INFO DriverManagerConnectionProvider:42 - Hibernate connection pool size: 20
16:59:31,432  INFO DriverManagerConnectionProvider:45 - autocommit mode: true
16:59:31,499  INFO DriverManagerConnectionProvider:80 - using driver: oracle.jdbc.OracleDriver at URL: jdbc:oracle:thin:@localhost:1521:xe
16:59:31,500  INFO DriverManagerConnectionProvider:86 - connection properties: {user=shu, password=****, autocommit=true}
16:59:31,946  INFO SettingsFactory:89 - RDBMS: Oracle, version: Oracle Database 11g Express Edition Release 11.2.0.2.0 - 64bit Production
16:59:31,946  INFO SettingsFactory:90 - JDBC driver: Oracle JDBC driver, version: 11.1.0.7.0-Production
16:59:31,954  INFO Dialect:152 - Using dialect: org.hibernate.dialect.Oracle10gDialect
16:59:31,957  INFO TransactionFactoryFactory:31 - Using default transaction strategy (direct JDBC transactions)
16:59:31,958  INFO TransactionManagerLookupFactory:33 - No TransactionManagerLookup configured (in JTA environment, use of read-write or transactional second-level cache is not recommended)
16:59:31,958  INFO SettingsFactory:143 - Automatic flush during beforeCompletion(): disabled
16:59:31,958  INFO SettingsFactory:147 - Automatic session close at end of transaction: disabled
16:59:31,958  INFO SettingsFactory:154 - JDBC batch size: 15
16:59:31,958  INFO SettingsFactory:157 - JDBC batch updates for versioned data: disabled
16:59:31,959  INFO SettingsFactory:162 - Scrollable result sets: enabled
16:59:31,959  INFO SettingsFactory:170 - JDBC3 getGeneratedKeys(): disabled
16:59:31,959  INFO SettingsFactory:178 - Connection release mode: auto
16:59:31,959  INFO SettingsFactory:205 - Default batch fetch size: 1
16:59:31,960  INFO SettingsFactory:209 - Generate SQL with comments: disabled
16:59:31,960  INFO SettingsFactory:213 - Order SQL updates by primary key: disabled
16:59:31,960  INFO SettingsFactory:217 - Order SQL inserts for batching: disabled
16:59:31,960  INFO SettingsFactory:386 - Query translator: org.hibernate.hql.ast.ASTQueryTranslatorFactory
16:59:31,961  INFO ASTQueryTranslatorFactory:24 - Using ASTQueryTranslatorFactory
16:59:31,961  INFO SettingsFactory:225 - Query language substitutions: {}
16:59:31,961  INFO SettingsFactory:230 - JPA-QL strict compliance: disabled
16:59:31,961  INFO SettingsFactory:235 - Second-level cache: enabled
16:59:31,961  INFO SettingsFactory:239 - Query cache: disabled
16:59:31,961  INFO SettingsFactory:373 - Cache provider: org.hibernate.cache.NoCacheProvider
16:59:31,962  INFO SettingsFactory:254 - Optimize cache for minimal puts: disabled
16:59:31,962  INFO SettingsFactory:263 - Structured second-level cache entries: disabled
16:59:31,964  INFO SettingsFactory:283 - Echoing all SQL to stdout
16:59:31,964  INFO SettingsFactory:290 - Statistics: disabled
16:59:31,964  INFO SettingsFactory:294 - Deleted entity synthetic identifier rollback: disabled
16:59:31,966  INFO SettingsFactory:309 - Default entity-mode: pojo
16:59:31,966  INFO SettingsFactory:313 - Named query checking : enabled
16:59:31,980  INFO SessionFactoryImpl:161 - building session factory
16:59:32,102  INFO SessionFactoryObjectFactory:82 - Not binding factory to JNDI, no JNDI name configured
16:59:32,103  INFO SchemaUpdate:115 - Running hbm2ddl schema update
16:59:32,103  INFO SchemaUpdate:126 - fetching database metadata
16:59:32,139  INFO SchemaUpdate:138 - updating schema
16:59:32,185  INFO TableMetadata:39 - table found: SHU.COMPLAINT
16:59:32,186  INFO TableMetadata:40 - columns: [compid, dateofcomp, cdesc, idx, status, username]
16:59:32,186  INFO TableMetadata:42 - foreign keys: [fkac5efcab4e1cf7a5]
16:59:32,186  INFO TableMetadata:43 - indexes: [sys_c007252]
16:59:32,196  INFO TableMetadata:39 - table found: SHU.CUSTOMER
16:59:32,197  INFO TableMetadata:40 - columns: [email, username]
16:59:32,197  INFO TableMetadata:42 - foreign keys: []
16:59:32,197  INFO TableMetadata:43 - indexes: [sys_c007254]
16:59:32,197  INFO SchemaUpdate:160 - schema update complete
16:59:32,301 DEBUG StringType:133 - binding 'open' to parameter: 1
16:59:32,304 DEBUG LongType:172 - returning '1' as column: compId1_
16:59:32,308 DEBUG StringType:172 - returning 'internet problem' as column: cDesc1_
16:59:32,313 DEBUG DateType:172 - returning '12 January 2017' as column: dateOfComp1_
16:59:32,313 DEBUG StringType:172 - returning 'open' as column: status1_
16:59:32,314 DEBUG StringType:172 - returning 'sam123' as column: username1_
16:59:32,314 DEBUG LongType:172 - returning '1' as column: compId1_
16:59:32,315 DEBUG LongType:172 - returning '2' as column: compId1_
16:59:32,315 DEBUG StringType:172 - returning 'Lagging ' as column: cDesc1_
16:59:32,315 DEBUG DateType:172 - returning '13 January 2018' as column: dateOfComp1_
16:59:32,316 DEBUG StringType:172 - returning 'open' as column: status1_
16:59:32,316 DEBUG StringType:172 - returning 'sam123' as column: username1_
16:59:32,316 DEBUG LongType:172 - returning '2' as column: compId1_
16:59:32,320 DEBUG StringType:133 - binding 'sam123' to parameter: 1
16:59:32,321 DEBUG StringType:172 - returning 'sam@gmail.com' as column: email0_0_
16:59:32,326 DEBUG StringType:133 - binding 'open' to parameter: 1
16:59:32,327 DEBUG LongType:172 - returning '1' as column: compId1_
16:59:32,327 DEBUG LongType:172 - returning '1' as column: compId1_
16:59:32,327 DEBUG LongType:172 - returning '2' as column: compId1_
16:59:32,328 DEBUG LongType:172 - returning '2' as column: compId1_
17:16:59,292  INFO Environment:514 - Hibernate 3.2.5
17:16:59,297  INFO Environment:547 - hibernate.properties not found
17:16:59,298  INFO Environment:681 - Bytecode provider name : cglib
17:16:59,301  INFO Environment:598 - using JDK 1.4 java.sql.Timestamp handling
17:16:59,331  INFO Configuration:1426 - configuring from resource: /hibernate.cfg.xml
17:16:59,331  INFO Configuration:1403 - Configuration resource: /hibernate.cfg.xml
17:16:59,386  INFO Configuration:553 - Reading mappings from resource : com/hbm/onetomany.hbm.xml
17:16:59,431  INFO HbmBinder:300 - Mapping class: com.bean.Customer -> customer
17:16:59,444  INFO HbmBinder:300 - Mapping class: com.bean.Complaint -> complaint
17:16:59,479  INFO Configuration:1541 - Configured SessionFactory: null
17:16:59,480  INFO HbmBinder:2385 - Mapping collection: com.bean.Customer.cList -> complaint
17:16:59,489  INFO DriverManagerConnectionProvider:41 - Using Hibernate built-in connection pool (not for production use!)
17:16:59,490  INFO DriverManagerConnectionProvider:42 - Hibernate connection pool size: 20
17:16:59,490  INFO DriverManagerConnectionProvider:45 - autocommit mode: true
17:16:59,558  INFO DriverManagerConnectionProvider:80 - using driver: oracle.jdbc.OracleDriver at URL: jdbc:oracle:thin:@localhost:1521:xe
17:16:59,558  INFO DriverManagerConnectionProvider:86 - connection properties: {user=shu, password=****, autocommit=true}
17:16:59,995  INFO SettingsFactory:89 - RDBMS: Oracle, version: Oracle Database 11g Express Edition Release 11.2.0.2.0 - 64bit Production
17:16:59,995  INFO SettingsFactory:90 - JDBC driver: Oracle JDBC driver, version: 11.1.0.7.0-Production
17:17:00,003  INFO Dialect:152 - Using dialect: org.hibernate.dialect.Oracle10gDialect
17:17:00,006  INFO TransactionFactoryFactory:31 - Using default transaction strategy (direct JDBC transactions)
17:17:00,007  INFO TransactionManagerLookupFactory:33 - No TransactionManagerLookup configured (in JTA environment, use of read-write or transactional second-level cache is not recommended)
17:17:00,007  INFO SettingsFactory:143 - Automatic flush during beforeCompletion(): disabled
17:17:00,007  INFO SettingsFactory:147 - Automatic session close at end of transaction: disabled
17:17:00,007  INFO SettingsFactory:154 - JDBC batch size: 15
17:17:00,007  INFO SettingsFactory:157 - JDBC batch updates for versioned data: disabled
17:17:00,008  INFO SettingsFactory:162 - Scrollable result sets: enabled
17:17:00,008  INFO SettingsFactory:170 - JDBC3 getGeneratedKeys(): disabled
17:17:00,008  INFO SettingsFactory:178 - Connection release mode: auto
17:17:00,008  INFO SettingsFactory:205 - Default batch fetch size: 1
17:17:00,009  INFO SettingsFactory:209 - Generate SQL with comments: disabled
17:17:00,009  INFO SettingsFactory:213 - Order SQL updates by primary key: disabled
17:17:00,009  INFO SettingsFactory:217 - Order SQL inserts for batching: disabled
17:17:00,009  INFO SettingsFactory:386 - Query translator: org.hibernate.hql.ast.ASTQueryTranslatorFactory
17:17:00,010  INFO ASTQueryTranslatorFactory:24 - Using ASTQueryTranslatorFactory
17:17:00,010  INFO SettingsFactory:225 - Query language substitutions: {}
17:17:00,010  INFO SettingsFactory:230 - JPA-QL strict compliance: disabled
17:17:00,010  INFO SettingsFactory:235 - Second-level cache: enabled
17:17:00,010  INFO SettingsFactory:239 - Query cache: disabled
17:17:00,011  INFO SettingsFactory:373 - Cache provider: org.hibernate.cache.NoCacheProvider
17:17:00,011  INFO SettingsFactory:254 - Optimize cache for minimal puts: disabled
17:17:00,011  INFO SettingsFactory:263 - Structured second-level cache entries: disabled
17:17:00,013  INFO SettingsFactory:283 - Echoing all SQL to stdout
17:17:00,013  INFO SettingsFactory:290 - Statistics: disabled
17:17:00,013  INFO SettingsFactory:294 - Deleted entity synthetic identifier rollback: disabled
17:17:00,015  INFO SettingsFactory:309 - Default entity-mode: pojo
17:17:00,015  INFO SettingsFactory:313 - Named query checking : enabled
17:17:00,029  INFO SessionFactoryImpl:161 - building session factory
17:17:00,151  INFO SessionFactoryObjectFactory:82 - Not binding factory to JNDI, no JNDI name configured
17:17:00,153  INFO SchemaUpdate:115 - Running hbm2ddl schema update
17:17:00,153  INFO SchemaUpdate:126 - fetching database metadata
17:17:00,188  INFO SchemaUpdate:138 - updating schema
17:17:00,236  INFO TableMetadata:39 - table found: SHU.COMPLAINT
17:17:00,236  INFO TableMetadata:40 - columns: [compid, dateofcomp, cdesc, idx, status, username]
17:17:00,236  INFO TableMetadata:42 - foreign keys: [fkac5efcab4e1cf7a5]
17:17:00,236  INFO TableMetadata:43 - indexes: [sys_c007252]
17:17:00,247  INFO TableMetadata:39 - table found: SHU.CUSTOMER
17:17:00,247  INFO TableMetadata:40 - columns: [email, username]
17:17:00,247  INFO TableMetadata:42 - foreign keys: []
17:17:00,247  INFO TableMetadata:43 - indexes: [sys_c007254]
17:17:00,248  INFO SchemaUpdate:160 - schema update complete
17:17:00,355 DEBUG StringType:133 - binding 'open' to parameter: 1
17:17:00,358 DEBUG LongType:172 - returning '1' as column: compId1_
17:17:00,362 DEBUG StringType:172 - returning 'internet problem' as column: cDesc1_
17:17:00,367 DEBUG DateType:172 - returning '12 January 2017' as column: dateOfComp1_
17:17:00,368 DEBUG StringType:172 - returning 'open' as column: status1_
17:17:00,368 DEBUG StringType:172 - returning 'sam123' as column: username1_
17:17:00,369 DEBUG LongType:172 - returning '1' as column: compId1_
17:17:00,369 DEBUG LongType:172 - returning '2' as column: compId1_
17:17:00,369 DEBUG StringType:172 - returning 'Lagging ' as column: cDesc1_
17:17:00,370 DEBUG DateType:172 - returning '13 January 2018' as column: dateOfComp1_
17:17:00,370 DEBUG StringType:172 - returning 'open' as column: status1_
17:17:00,370 DEBUG StringType:172 - returning 'sam123' as column: username1_
17:17:00,370 DEBUG LongType:172 - returning '2' as column: compId1_
17:17:00,374 DEBUG StringType:133 - binding 'sam123' to parameter: 1
17:17:00,375 DEBUG StringType:172 - returning 'sam@gmail.com' as column: email0_0_
17:17:00,380 DEBUG StringType:133 - binding 'open' to parameter: 1
17:17:00,381 DEBUG LongType:172 - returning '1' as column: compId1_
17:17:00,381 DEBUG LongType:172 - returning '1' as column: compId1_
17:17:00,381 DEBUG LongType:172 - returning '2' as column: compId1_
17:17:00,381 DEBUG LongType:172 - returning '2' as column: compId1_
17:17:00,382 DEBUG StringType:133 - binding 'sam123' to parameter: 1
17:17:00,382 DEBUG StringType:172 - returning 'sam@gmail.com' as column: email0_0_
17:17:37,568  INFO Environment:514 - Hibernate 3.2.5
17:17:37,573  INFO Environment:547 - hibernate.properties not found
17:17:37,574  INFO Environment:681 - Bytecode provider name : cglib
17:17:37,577  INFO Environment:598 - using JDK 1.4 java.sql.Timestamp handling
17:17:37,608  INFO Configuration:1426 - configuring from resource: /hibernate.cfg.xml
17:17:37,608  INFO Configuration:1403 - Configuration resource: /hibernate.cfg.xml
17:17:37,663  INFO Configuration:553 - Reading mappings from resource : com/hbm/onetomany.hbm.xml
17:17:37,709  INFO HbmBinder:300 - Mapping class: com.bean.Customer -> customer
17:17:37,722  INFO HbmBinder:300 - Mapping class: com.bean.Complaint -> complaint
17:17:37,758  INFO Configuration:1541 - Configured SessionFactory: null
17:17:37,760  INFO HbmBinder:2385 - Mapping collection: com.bean.Customer.cList -> complaint
17:17:37,769  INFO DriverManagerConnectionProvider:41 - Using Hibernate built-in connection pool (not for production use!)
17:17:37,769  INFO DriverManagerConnectionProvider:42 - Hibernate connection pool size: 20
17:17:37,769  INFO DriverManagerConnectionProvider:45 - autocommit mode: true
17:17:37,837  INFO DriverManagerConnectionProvider:80 - using driver: oracle.jdbc.OracleDriver at URL: jdbc:oracle:thin:@localhost:1521:xe
17:17:37,838  INFO DriverManagerConnectionProvider:86 - connection properties: {user=shu, password=****, autocommit=true}
17:17:38,276  INFO SettingsFactory:89 - RDBMS: Oracle, version: Oracle Database 11g Express Edition Release 11.2.0.2.0 - 64bit Production
17:17:38,277  INFO SettingsFactory:90 - JDBC driver: Oracle JDBC driver, version: 11.1.0.7.0-Production
17:17:38,285  INFO Dialect:152 - Using dialect: org.hibernate.dialect.Oracle10gDialect
17:17:38,287  INFO TransactionFactoryFactory:31 - Using default transaction strategy (direct JDBC transactions)
17:17:38,288  INFO TransactionManagerLookupFactory:33 - No TransactionManagerLookup configured (in JTA environment, use of read-write or transactional second-level cache is not recommended)
17:17:38,289  INFO SettingsFactory:143 - Automatic flush during beforeCompletion(): disabled
17:17:38,289  INFO SettingsFactory:147 - Automatic session close at end of transaction: disabled
17:17:38,289  INFO SettingsFactory:154 - JDBC batch size: 15
17:17:38,289  INFO SettingsFactory:157 - JDBC batch updates for versioned data: disabled
17:17:38,289  INFO SettingsFactory:162 - Scrollable result sets: enabled
17:17:38,290  INFO SettingsFactory:170 - JDBC3 getGeneratedKeys(): disabled
17:17:38,290  INFO SettingsFactory:178 - Connection release mode: auto
17:17:38,290  INFO SettingsFactory:205 - Default batch fetch size: 1
17:17:38,290  INFO SettingsFactory:209 - Generate SQL with comments: disabled
17:17:38,290  INFO SettingsFactory:213 - Order SQL updates by primary key: disabled
17:17:38,290  INFO SettingsFactory:217 - Order SQL inserts for batching: disabled
17:17:38,291  INFO SettingsFactory:386 - Query translator: org.hibernate.hql.ast.ASTQueryTranslatorFactory
17:17:38,292  INFO ASTQueryTranslatorFactory:24 - Using ASTQueryTranslatorFactory
17:17:38,292  INFO SettingsFactory:225 - Query language substitutions: {}
17:17:38,292  INFO SettingsFactory:230 - JPA-QL strict compliance: disabled
17:17:38,292  INFO SettingsFactory:235 - Second-level cache: enabled
17:17:38,292  INFO SettingsFactory:239 - Query cache: disabled
17:17:38,292  INFO SettingsFactory:373 - Cache provider: org.hibernate.cache.NoCacheProvider
17:17:38,293  INFO SettingsFactory:254 - Optimize cache for minimal puts: disabled
17:17:38,293  INFO SettingsFactory:263 - Structured second-level cache entries: disabled
17:17:38,295  INFO SettingsFactory:283 - Echoing all SQL to stdout
17:17:38,295  INFO SettingsFactory:290 - Statistics: disabled
17:17:38,295  INFO SettingsFactory:294 - Deleted entity synthetic identifier rollback: disabled
17:17:38,297  INFO SettingsFactory:309 - Default entity-mode: pojo
17:17:38,297  INFO SettingsFactory:313 - Named query checking : enabled
17:17:38,311  INFO SessionFactoryImpl:161 - building session factory
17:17:38,434  INFO SessionFactoryObjectFactory:82 - Not binding factory to JNDI, no JNDI name configured
17:17:38,436  INFO SchemaUpdate:115 - Running hbm2ddl schema update
17:17:38,436  INFO SchemaUpdate:126 - fetching database metadata
17:17:38,472  INFO SchemaUpdate:138 - updating schema
17:17:38,519  INFO TableMetadata:39 - table found: SHU.COMPLAINT
17:17:38,520  INFO TableMetadata:40 - columns: [compid, dateofcomp, cdesc, idx, status, username]
17:17:38,520  INFO TableMetadata:42 - foreign keys: [fkac5efcab4e1cf7a5]
17:17:38,520  INFO TableMetadata:43 - indexes: [sys_c007252]
17:17:38,531  INFO TableMetadata:39 - table found: SHU.CUSTOMER
17:17:38,531  INFO TableMetadata:40 - columns: [email, username]
17:17:38,531  INFO TableMetadata:42 - foreign keys: []
17:17:38,531  INFO TableMetadata:43 - indexes: [sys_c007254]
17:17:38,531  INFO SchemaUpdate:160 - schema update complete
17:17:38,638 DEBUG StringType:133 - binding 'open' to parameter: 1
17:17:38,640 DEBUG LongType:172 - returning '1' as column: compId1_
17:17:38,644 DEBUG StringType:172 - returning 'internet problem' as column: cDesc1_
17:17:38,649 DEBUG DateType:172 - returning '12 January 2017' as column: dateOfComp1_
17:17:38,650 DEBUG StringType:172 - returning 'open' as column: status1_
17:17:38,650 DEBUG StringType:172 - returning 'sam123' as column: username1_
17:17:38,651 DEBUG LongType:172 - returning '1' as column: compId1_
17:17:38,651 DEBUG LongType:172 - returning '2' as column: compId1_
17:17:38,651 DEBUG StringType:172 - returning 'Lagging ' as column: cDesc1_
17:17:38,652 DEBUG DateType:172 - returning '13 January 2018' as column: dateOfComp1_
17:17:38,652 DEBUG StringType:172 - returning 'open' as column: status1_
17:17:38,652 DEBUG StringType:172 - returning 'sam123' as column: username1_
17:17:38,652 DEBUG LongType:172 - returning '2' as column: compId1_
17:17:38,657 DEBUG StringType:133 - binding 'sam123' to parameter: 1
17:17:38,657 DEBUG StringType:172 - returning 'sam@gmail.com' as column: email0_0_
17:17:38,662 DEBUG StringType:133 - binding 'open' to parameter: 1
17:17:38,663 DEBUG LongType:172 - returning '1' as column: compId1_
17:17:38,663 DEBUG LongType:172 - returning '1' as column: compId1_
17:17:38,663 DEBUG LongType:172 - returning '2' as column: compId1_
17:17:38,663 DEBUG LongType:172 - returning '2' as column: compId1_
17:17:38,664 DEBUG StringType:133 - binding 'sam123' to parameter: 1
17:17:38,664 DEBUG StringType:172 - returning 'sam@gmail.com' as column: email0_0_
17:18:41,107  INFO Environment:514 - Hibernate 3.2.5
17:18:41,112  INFO Environment:547 - hibernate.properties not found
17:18:41,113  INFO Environment:681 - Bytecode provider name : cglib
17:18:41,116  INFO Environment:598 - using JDK 1.4 java.sql.Timestamp handling
17:18:41,147  INFO Configuration:1426 - configuring from resource: /hibernate.cfg.xml
17:18:41,147  INFO Configuration:1403 - Configuration resource: /hibernate.cfg.xml
17:18:41,202  INFO Configuration:553 - Reading mappings from resource : com/hbm/onetomany.hbm.xml
17:18:41,246  INFO HbmBinder:300 - Mapping class: com.bean.Customer -> customer
17:18:41,259  INFO HbmBinder:300 - Mapping class: com.bean.Complaint -> complaint
17:18:41,294  INFO Configuration:1541 - Configured SessionFactory: null
17:18:41,295  INFO HbmBinder:2385 - Mapping collection: com.bean.Customer.cList -> complaint
17:18:41,309  INFO DriverManagerConnectionProvider:41 - Using Hibernate built-in connection pool (not for production use!)
17:18:41,309  INFO DriverManagerConnectionProvider:42 - Hibernate connection pool size: 20
17:18:41,310  INFO DriverManagerConnectionProvider:45 - autocommit mode: true
17:18:41,376  INFO DriverManagerConnectionProvider:80 - using driver: oracle.jdbc.OracleDriver at URL: jdbc:oracle:thin:@localhost:1521:xe
17:18:41,376  INFO DriverManagerConnectionProvider:86 - connection properties: {user=shu, password=****, autocommit=true}
17:18:41,817  INFO SettingsFactory:89 - RDBMS: Oracle, version: Oracle Database 11g Express Edition Release 11.2.0.2.0 - 64bit Production
17:18:41,817  INFO SettingsFactory:90 - JDBC driver: Oracle JDBC driver, version: 11.1.0.7.0-Production
17:18:41,825  INFO Dialect:152 - Using dialect: org.hibernate.dialect.Oracle10gDialect
17:18:41,827  INFO TransactionFactoryFactory:31 - Using default transaction strategy (direct JDBC transactions)
17:18:41,828  INFO TransactionManagerLookupFactory:33 - No TransactionManagerLookup configured (in JTA environment, use of read-write or transactional second-level cache is not recommended)
17:18:41,829  INFO SettingsFactory:143 - Automatic flush during beforeCompletion(): disabled
17:18:41,829  INFO SettingsFactory:147 - Automatic session close at end of transaction: disabled
17:18:41,829  INFO SettingsFactory:154 - JDBC batch size: 15
17:18:41,829  INFO SettingsFactory:157 - JDBC batch updates for versioned data: disabled
17:18:41,829  INFO SettingsFactory:162 - Scrollable result sets: enabled
17:18:41,829  INFO SettingsFactory:170 - JDBC3 getGeneratedKeys(): disabled
17:18:41,830  INFO SettingsFactory:178 - Connection release mode: auto
17:18:41,830  INFO SettingsFactory:205 - Default batch fetch size: 1
17:18:41,830  INFO SettingsFactory:209 - Generate SQL with comments: disabled
17:18:41,830  INFO SettingsFactory:213 - Order SQL updates by primary key: disabled
17:18:41,831  INFO SettingsFactory:217 - Order SQL inserts for batching: disabled
17:18:41,831  INFO SettingsFactory:386 - Query translator: org.hibernate.hql.ast.ASTQueryTranslatorFactory
17:18:41,832  INFO ASTQueryTranslatorFactory:24 - Using ASTQueryTranslatorFactory
17:18:41,832  INFO SettingsFactory:225 - Query language substitutions: {}
17:18:41,832  INFO SettingsFactory:230 - JPA-QL strict compliance: disabled
17:18:41,832  INFO SettingsFactory:235 - Second-level cache: enabled
17:18:41,832  INFO SettingsFactory:239 - Query cache: disabled
17:18:41,832  INFO SettingsFactory:373 - Cache provider: org.hibernate.cache.NoCacheProvider
17:18:41,832  INFO SettingsFactory:254 - Optimize cache for minimal puts: disabled
17:18:41,833  INFO SettingsFactory:263 - Structured second-level cache entries: disabled
17:18:41,835  INFO SettingsFactory:283 - Echoing all SQL to stdout
17:18:41,835  INFO SettingsFactory:290 - Statistics: disabled
17:18:41,835  INFO SettingsFactory:294 - Deleted entity synthetic identifier rollback: disabled
17:18:41,837  INFO SettingsFactory:309 - Default entity-mode: pojo
17:18:41,837  INFO SettingsFactory:313 - Named query checking : enabled
17:18:41,851  INFO SessionFactoryImpl:161 - building session factory
17:18:41,968  INFO SessionFactoryObjectFactory:82 - Not binding factory to JNDI, no JNDI name configured
17:18:41,970  INFO SchemaUpdate:115 - Running hbm2ddl schema update
17:18:41,970  INFO SchemaUpdate:126 - fetching database metadata
17:18:42,007  INFO SchemaUpdate:138 - updating schema
17:18:42,056  INFO TableMetadata:39 - table found: SHU.COMPLAINT
17:18:42,056  INFO TableMetadata:40 - columns: [compid, dateofcomp, cdesc, idx, status, username]
17:18:42,056  INFO TableMetadata:42 - foreign keys: [fkac5efcab4e1cf7a5]
17:18:42,056  INFO TableMetadata:43 - indexes: [sys_c007252]
17:18:42,067  INFO TableMetadata:39 - table found: SHU.CUSTOMER
17:18:42,067  INFO TableMetadata:40 - columns: [email, username]
17:18:42,068  INFO TableMetadata:42 - foreign keys: []
17:18:42,068  INFO TableMetadata:43 - indexes: [sys_c007254]
17:18:42,068  INFO SchemaUpdate:160 - schema update complete
17:18:42,180 DEBUG StringType:133 - binding 'open' to parameter: 1
17:18:42,183 DEBUG LongType:172 - returning '1' as column: compId1_
17:18:42,187 DEBUG StringType:172 - returning 'internet problem' as column: cDesc1_
17:18:42,192 DEBUG DateType:172 - returning '12 January 2017' as column: dateOfComp1_
17:18:42,192 DEBUG StringType:172 - returning 'open' as column: status1_
17:18:42,193 DEBUG StringType:172 - returning 'sam123' as column: username1_
17:18:42,193 DEBUG LongType:172 - returning '1' as column: compId1_
17:18:42,194 DEBUG LongType:172 - returning '2' as column: compId1_
17:18:42,194 DEBUG StringType:172 - returning 'Lagging ' as column: cDesc1_
17:18:42,195 DEBUG DateType:172 - returning '13 January 2018' as column: dateOfComp1_
17:18:42,195 DEBUG StringType:172 - returning 'open' as column: status1_
17:18:42,195 DEBUG StringType:172 - returning 'sam123' as column: username1_
17:18:42,195 DEBUG LongType:172 - returning '2' as column: compId1_
17:18:42,199 DEBUG StringType:133 - binding 'sam123' to parameter: 1
17:18:42,200 DEBUG StringType:172 - returning 'sam@gmail.com' as column: email0_0_
17:18:42,204 DEBUG StringType:133 - binding 'open' to parameter: 1
17:18:42,205 DEBUG LongType:172 - returning '1' as column: compId1_
17:18:42,205 DEBUG LongType:172 - returning '1' as column: compId1_
17:18:42,206 DEBUG LongType:172 - returning '2' as column: compId1_
17:18:42,206 DEBUG LongType:172 - returning '2' as column: compId1_
17:18:42,206 DEBUG StringType:133 - binding 'sam123' to parameter: 1
17:18:42,207 DEBUG StringType:172 - returning 'sam@gmail.com' as column: email0_0_
17:22:01,154  INFO Environment:514 - Hibernate 3.2.5
17:22:01,159  INFO Environment:547 - hibernate.properties not found
17:22:01,161  INFO Environment:681 - Bytecode provider name : cglib
17:22:01,163  INFO Environment:598 - using JDK 1.4 java.sql.Timestamp handling
17:22:01,193  INFO Configuration:1426 - configuring from resource: /hibernate.cfg.xml
17:22:01,194  INFO Configuration:1403 - Configuration resource: /hibernate.cfg.xml
17:22:01,248  INFO Configuration:553 - Reading mappings from resource : com/hbm/onetomany.hbm.xml
17:22:01,292  INFO HbmBinder:300 - Mapping class: com.bean.Customer -> customer
17:22:01,305  INFO HbmBinder:300 - Mapping class: com.bean.Complaint -> complaint
17:22:01,341  INFO Configuration:1541 - Configured SessionFactory: null
17:22:01,342  INFO HbmBinder:2385 - Mapping collection: com.bean.Customer.cList -> complaint
17:22:01,350  INFO DriverManagerConnectionProvider:41 - Using Hibernate built-in connection pool (not for production use!)
17:22:01,350  INFO DriverManagerConnectionProvider:42 - Hibernate connection pool size: 20
17:22:01,351  INFO DriverManagerConnectionProvider:45 - autocommit mode: true
17:22:01,417  INFO DriverManagerConnectionProvider:80 - using driver: oracle.jdbc.OracleDriver at URL: jdbc:oracle:thin:@localhost:1521:xe
17:22:01,418  INFO DriverManagerConnectionProvider:86 - connection properties: {user=shu, password=****, autocommit=true}
17:22:01,857  INFO SettingsFactory:89 - RDBMS: Oracle, version: Oracle Database 11g Express Edition Release 11.2.0.2.0 - 64bit Production
17:22:01,858  INFO SettingsFactory:90 - JDBC driver: Oracle JDBC driver, version: 11.1.0.7.0-Production
17:22:01,866  INFO Dialect:152 - Using dialect: org.hibernate.dialect.Oracle10gDialect
17:22:01,868  INFO TransactionFactoryFactory:31 - Using default transaction strategy (direct JDBC transactions)
17:22:01,869  INFO TransactionManagerLookupFactory:33 - No TransactionManagerLookup configured (in JTA environment, use of read-write or transactional second-level cache is not recommended)
17:22:01,870  INFO SettingsFactory:143 - Automatic flush during beforeCompletion(): disabled
17:22:01,870  INFO SettingsFactory:147 - Automatic session close at end of transaction: disabled
17:22:01,870  INFO SettingsFactory:154 - JDBC batch size: 15
17:22:01,870  INFO SettingsFactory:157 - JDBC batch updates for versioned data: disabled
17:22:01,870  INFO SettingsFactory:162 - Scrollable result sets: enabled
17:22:01,870  INFO SettingsFactory:170 - JDBC3 getGeneratedKeys(): disabled
17:22:01,871  INFO SettingsFactory:178 - Connection release mode: auto
17:22:01,871  INFO SettingsFactory:205 - Default batch fetch size: 1
17:22:01,871  INFO SettingsFactory:209 - Generate SQL with comments: disabled
17:22:01,871  INFO SettingsFactory:213 - Order SQL updates by primary key: disabled
17:22:01,871  INFO SettingsFactory:217 - Order SQL inserts for batching: disabled
17:22:01,872  INFO SettingsFactory:386 - Query translator: org.hibernate.hql.ast.ASTQueryTranslatorFactory
17:22:01,873  INFO ASTQueryTranslatorFactory:24 - Using ASTQueryTranslatorFactory
17:22:01,873  INFO SettingsFactory:225 - Query language substitutions: {}
17:22:01,873  INFO SettingsFactory:230 - JPA-QL strict compliance: disabled
17:22:01,873  INFO SettingsFactory:235 - Second-level cache: enabled
17:22:01,873  INFO SettingsFactory:239 - Query cache: disabled
17:22:01,873  INFO SettingsFactory:373 - Cache provider: org.hibernate.cache.NoCacheProvider
17:22:01,873  INFO SettingsFactory:254 - Optimize cache for minimal puts: disabled
17:22:01,874  INFO SettingsFactory:263 - Structured second-level cache entries: disabled
17:22:01,876  INFO SettingsFactory:283 - Echoing all SQL to stdout
17:22:01,876  INFO SettingsFactory:290 - Statistics: disabled
17:22:01,876  INFO SettingsFactory:294 - Deleted entity synthetic identifier rollback: disabled
17:22:01,878  INFO SettingsFactory:309 - Default entity-mode: pojo
17:22:01,878  INFO SettingsFactory:313 - Named query checking : enabled
17:22:01,892  INFO SessionFactoryImpl:161 - building session factory
17:22:02,016  INFO SessionFactoryObjectFactory:82 - Not binding factory to JNDI, no JNDI name configured
17:22:02,018  INFO SchemaUpdate:115 - Running hbm2ddl schema update
17:22:02,018  INFO SchemaUpdate:126 - fetching database metadata
17:22:02,053  INFO SchemaUpdate:138 - updating schema
17:22:02,101  INFO TableMetadata:39 - table found: SHU.COMPLAINT
17:22:02,102  INFO TableMetadata:40 - columns: [compid, dateofcomp, cdesc, idx, status, username]
17:22:02,102  INFO TableMetadata:42 - foreign keys: [fkac5efcab4e1cf7a5]
17:22:02,102  INFO TableMetadata:43 - indexes: [sys_c007252]
17:22:02,113  INFO TableMetadata:39 - table found: SHU.CUSTOMER
17:22:02,113  INFO TableMetadata:40 - columns: [email, username]
17:22:02,113  INFO TableMetadata:42 - foreign keys: []
17:22:02,113  INFO TableMetadata:43 - indexes: [sys_c007254]
17:22:02,114  INFO SchemaUpdate:160 - schema update complete
17:22:02,220 DEBUG StringType:133 - binding 'open' to parameter: 1
17:22:02,223 DEBUG LongType:172 - returning '1' as column: compId1_
17:22:02,226 DEBUG StringType:172 - returning 'internet problem' as column: cDesc1_
17:22:02,232 DEBUG DateType:172 - returning '12 January 2017' as column: dateOfComp1_
17:22:02,232 DEBUG StringType:172 - returning 'open' as column: status1_
17:22:02,232 DEBUG StringType:172 - returning 'sam123' as column: username1_
17:22:02,233 DEBUG LongType:172 - returning '1' as column: compId1_
17:22:02,233 DEBUG LongType:172 - returning '2' as column: compId1_
17:22:02,234 DEBUG StringType:172 - returning 'Lagging ' as column: cDesc1_
17:22:02,234 DEBUG DateType:172 - returning '13 January 2018' as column: dateOfComp1_
17:22:02,234 DEBUG StringType:172 - returning 'open' as column: status1_
17:22:02,234 DEBUG StringType:172 - returning 'sam123' as column: username1_
17:22:02,234 DEBUG LongType:172 - returning '2' as column: compId1_
17:22:02,238 DEBUG StringType:133 - binding 'sam123' to parameter: 1
17:22:02,239 DEBUG StringType:172 - returning 'sam@gmail.com' as column: email0_0_
17:22:02,245 DEBUG StringType:133 - binding 'open' to parameter: 1
17:22:02,246 DEBUG LongType:172 - returning '1' as column: compId1_
17:22:02,246 DEBUG LongType:172 - returning '1' as column: compId1_
17:22:02,246 DEBUG LongType:172 - returning '2' as column: compId1_
17:22:02,246 DEBUG LongType:172 - returning '2' as column: compId1_
